2020-07-07 22:19:40,257 INFO: sent msg: b'\x0f\x04$\xa0\xbc\x08\x08@\x00\x02\x10\x80\x00\x04 \x00\x01\x08@\x00\x02\x10\x80\x00$'
2020-07-07 22:19:40,287 INFO: sent msg: b'\x0f\x04$\xa0\xbc\x08\x08@\x00\x02\x10\x80\x00\x04 \x00\x01\x08@\x00\x02\x10\x80\x004'
2020-07-07 22:19:40,318 INFO: sent msg: b'\x0f\x04$\xa0\xbc\x08\x08@\x00\x02\x10\x80\x00\x04 \x00\x01\x08@\x00\x02\x10\x80\x00\x04'
2020-07-07 22:19:40,333 INFO: sent msg: b'\x0f\x04$\xa0\xbc\x08\x08@\x00\x02\x10\x80\x00\x04 \x00\x01\x08@\x00\x02\x10\x80\x00\x14'
2020-07-07 22:19:40,365 INFO: sent msg: b'\x0f\x04$\xa0\xbc\x08\x08@\x00\x02\x10\x80\x00\x04 \x00\x01\x08@\x00\x02\x10\x80\x00$'
2020-07-07 22:19:40,398 INFO: sent msg: b'\x0f\x04$\xa0\xbc\x08\x08@\x00\x02\x10\x80\x00\x04 \x00\x01\x08@\x00\x02\x10\x80\x004'
2020-07-07 22:19:40,430 INFO: sent msg: b'\x0f\x04$\xa0\xbc\x08\x08@\x00\x02\x10\x80\x00\x04 \x00\x01\x08@\x00\x02\x10\x80\x00\x04'
2020-07-07 22:19:40,461 INFO: sent msg: b'\x0f\x04$\xa0\xbc\x08\x08@\x00\x02\x10\x80\x00\x04 \x00\x01\x08@\x00\x02\x10\x80\x00\x14'
2020-07-07 22:19:40,493 INFO: sent msg: b'\x0f\x04$\xa0\xbc\x08\x08@\x00\x02\x10\x80\x00\x04 \x00\x01\x08@\x00\x02\x10\x80\x00$'
2020-07-07 22:19:40,524 INFO: sent msg: b'\x0f\x04$\xa0\xbc\x08\x08@\x00\x02\x10\x80\x00\x04 \x00\x01\x08@\x00\x02\x10\x80\x004'
2020-07-07 22:19:40,555 INFO: sent msg: b'\x0f\x04$\xa0\xbc\x08\x08@\x00\x02\x10\x80\x00\x04 \x00\x01\x08@\x00\x02\x10\x80\x00\x04'
2020-07-07 22:19:40,571 INFO: sent msg: b'\x0f\x04$\xa0\xbc\x08\x08@\x00\x02\x10\x80\x00\x04 \x00\x01\x08@\x00\x02\x10\x80\x00\x14'
2020-07-07 22:19:40,603 INFO: sent msg: b'\x0f\x04$\xa0\xbc\x08\x08@\x00\x02\x10\x80\x00\x04 \x00\x01\x08@\x00\x02\x10\x80\x00$'
2020-07-07 22:19:40,633 INFO: sent msg: b'\x0f\x04$\xa0\xbc\x08\x08@\x00\x02\x10\x80\x00\x04 \x00\x01\x08@\x00\x02\x10\x80\x004'
2020-07-07 22:19:40,664 INFO: sent msg: b'\x0f\x04$\xa0\xbc\x08\x08@\x00\x02\x10\x80\x00\x04 \x00\x01\x08@\x00\x02\x10\x80\x00\x04'
2020-07-07 22:19:40,680 INFO: sent msg: b'\x0f\x04$\xa0\xbc\x08\x08@\x00\x02\x10\x80\x00\x04 \x00\x01\x08@\x00\x02\x10\x80\x00\x14'
2020-07-07 22:19:40,696 INFO: sent msg: b'\x0f\x04$\xa0\xbc\x08\x08@\x00\x02\x10\x80\x00\x04 \x00\x01\x08@\x00\x02\x10\x80\x00$'
2020-07-07 22:19:40,727 INFO: sent msg: b'\x0f\x04$\xa0\xbc\x08\x08@\x00\x02\x10\x80\x00\x04 \x00\x01\x08@\x00\x02\x10\x80\x004'
2020-07-07 22:19:40,760 INFO: sent msg: b'\x0f\x04$\xa0\xbc\x08\x08@\x00\x02\x10\x80\x00\x04 \x00\x01\x08@\x00\x02\x10\x80\x00\x04'
2020-07-07 22:19:40,790 INFO: sent msg: b'\x0f\x04$\xa0\xbc\x08\x08@\x00\x02\x10\x80\x00\x04 \x00\x01\x08@\x00\x02\x10\x80\x04\x14'
2020-07-07 22:19:40,821 INFO: sent msg: b'\x0f\x04$\xa0\xbc\x08\x08@\x00\x02\x10\x80\x00\x04 \x00\x01\x08@\x00\x02\x10\x80\x00$'
2020-07-07 22:19:40,853 INFO: sent msg: b'\x0f\x04$\xa0\xbc\x08\x08@\x00\x02\x10\x80\x00\x04 \x00\x01\x08@\x00\x02\x10\x80\x004'
2020-07-07 22:19:40,884 INFO: sent msg: b'\x0f\x04$\xa0\xbc\x08\x08@\x00\x02\x10\x80\x00\x04 \x00\x01\x08@\x00\x02\x10\x80\x00\x04'
2020-07-07 22:19:40,916 INFO: sent msg: b'\x0f\x04$\xa0\xbc\x08\x08@\x00\x02\x10\x80\x00\x04 \x00\x01\x08@\x00\x02\x10\x80\x00\x14'
2020-07-07 22:19:40,948 INFO: sent msg: b'\x0f\x04$\xa0\xbc\x08\x08@\x00\x02\x10\x80\x00\x04 \x00\x01\x08@\x00\x02\x10\x80\x00$'
2020-07-07 22:19:40,978 INFO: sent msg: b'\x0f\x04$\xa0\xbc\x08\x08@\x00\x02\x10\x80\x00\x04 \x00\x01\x08@\x00\x02\x10\x80\x004'
2020-07-07 22:19:41,010 INFO: sent msg: b'\x0f\x04$\xa0\xbc\x08\x08@\x00\x02\x10\x80\x00\x04 \x00\x01\x08@\x00\x02\x10\x80\x00\x04'
2020-07-07 22:19:41,042 INFO: sent msg: b'\x0f\x04$\xa0\xbc\x08\x08@\x00\x02\x10\x80\x00\x04 \x00\x01\x08@\x00\x02\x10\x80\x00\x14'
2020-07-07 22:19:41,073 INFO: sent msg: b'\x0f\x04$\xa0\xbc\x08\x08@\x00\x02\x10\x80\x00\x04 \x00\x01\x08@\x00\x02\x10\x80\x00$'
2020-07-07 22:19:41,104 INFO: sent msg: b'\x0f\x04$\xa0\xbc\x08\x08@\x00\x02\x10\x80\x00\x04 \x00\x01\x08@\x00\x02\x10\x80\x004'
2020-07-07 22:19:41,135 INFO: sent msg: b'\x0f\x04$\xa0\xbc\x08\x08@\x00\x02\x10\x80\x00\x04 \x00\x01\x08@\x00\x02\x10\x80\x00\x04'
2020-07-07 22:19:41,166 INFO: sent msg: b'\x0f\x04$\xa0\xbc\x08\x08@\x00\x02\x10\x80\x00\x04 \x00\x01\x08@\x00\x02\x10\x80\x00\x14'
2020-07-07 22:19:41,198 INFO: sent msg: b'\x0f\x04$\xa0\xbc\x08\x08@\x00\x02\x10\x80\x00\x04 \x00\x01\x08@\x00\x02\x10\x80\x00$'
2020-07-07 22:19:41,229 INFO: sent msg: b'\x0f\x04$\xa0\xbc\x08\x08@\x00\x02\x10\x80\x00\x04 \x00\x01\x08@\x00\x02\x10\x80\x004'
2020-07-07 22:19:41,260 INFO: sent msg: b'\x0f\x04$\xa0\xbc\x08\x08@\x00\x02\x10\x80\x00\x04 \x00\x01\x08@\x00\x02\x10\x80\x00\x04'
2020-07-07 22:19:41,293 INFO: sent msg: b'\x0f\x04$\xa0\xbc\x08\x08@\x00\x02\x10\x80\x00\x04 \x00\x01\x08@\x00\x02\x10\x80\x00\x14'
2020-07-07 22:19:41,323 INFO: sent msg: b'\x0f\x04$\xa0\xbc\x08\x08@\x00\x02\x10\x80\x00\x04 \x00\x01\x08@\x00\x02\x10\x80\x00$'
2020-07-07 22:19:41,354 INFO: sent msg: b'\x0f\x04$\xa0\xbc\x08\x08@\x00\x02\x10\x80\x00\x04 \x00\x01\x08@\x00\x02\x10\x80\x004'
2020-07-07 22:19:41,385 INFO: sent msg: b'\x0f\x04$\xa0\xbc\x08\x08@\x00\x02\x10\x80\x00\x04 \x00\x01\x08@\x00\x02\x10\x80\x00\x04'
2020-07-07 22:19:41,416 INFO: sent msg: b'\x0f\x04$\xa0\xbc\x08\x08@\x00\x02\x10\x80\x00\x04 \x00\x01\x08@\x00\x02\x10\x80\x00\x14'
2020-07-07 22:19:41,448 INFO: sent msg: b'\x0f\x04$\xa0\xbc\x08\x08@\x00\x02\x10\x80\x00\x04 \x00\x01\x08@\x00\x02\x10\x80\x00$'
2020-07-07 22:19:41,480 INFO: sent msg: b'\x0f\x04$\xa0\xbc\x08\x08@\x00\x02\x10\x80\x00\x04 \x00\x01\x08@\x00\x02\x10\x80\x004'
2020-07-07 22:19:41,510 INFO: sent msg: b'\x0f\x04$\xa0\xbc\x08\x08@\x00\x02\x10\x80\x00\x04 \x00\x01\x08@\x00\x02\x10\x80\x00\x04'
2020-07-07 22:19:41,542 INFO: sent msg: b'\x0f\x04$\xa0\xbc\x08\x08@\x00\x02\x10\x80\x00\x04 \x00\x01\x08@\x00\x02\x10\x80\x00\x14'
2020-07-07 22:19:41,572 INFO: sent msg: b'\x0f\x04$\xa0\xbc\x08\x08@\x00\x02\x10\x80\x00\x04 \x00\x01\x08@\x00\x02\x10\x80\x00$'
2020-07-07 22:19:41,603 INFO: sent msg: b'\x0f\x04$\xa0\xbc\x08\x08@\x00\x02\x10\x80\x00\x04 \x00\x01\x08@\x00\x02\x10\x80\x004'
2020-07-07 22:19:41,634 INFO: sent msg: b'\x0f\x04$\xa0\xbc\x08\x08@\x00\x02\x10\x80\x00\x04 \x00\x01\x08@\x00\x02\x10\x80\x00\x04'
2020-07-07 22:19:41,665 INFO: sent msg: b'\x0f\x04$\xa0\xbc\x08\x08@\x00\x02\x10\x80\x00\x04 \x00\x01\x08@\x00\x02\x10\x80\x00\x14'
2020-07-07 22:19:41,697 INFO: sent msg: b'\x0f\x04$\xa0\xbc\x08\x08@\x00\x02\x10\x80\x00\x04 \x00\x01\x08@\x00\x02\x10\x80\x00$'
2020-07-07 22:19:41,728 INFO: sent msg: b'\x0f\x04$\xa0\xbc\x08\x08@\x00\x02\x10\x80\x00\x04 \x00\x01\x08@\x00\x02\x10\x80\x004'
2020-07-07 22:19:41,759 INFO: sent msg: b'\x0f\x04$\xa0\xbc\x08\x08@\x00\x02\x10\x80\x00\x04 \x00\x01\x08@\x00\x02\x10\x80\x00\x04'
2020-07-07 22:19:41,790 INFO: sent msg: b'\x0f\x04$\xa0\xbc\x08\x08@\x00\x02\x10\x80\x00\x04 \x00\x01\x08@\x00\x02\x10\x80\x00\x14'
2020-07-07 22:19:41,806 INFO: sent msg: b'\x0f\x04$\xa0\xbc\x08\x08@\x00\x02\x10\x80\x00\x04 \x00\x01\x08@\x00\x02\x10\x80\x04$'
2020-07-07 22:19:41,837 INFO: sent msg: b'\x0f\x04$\xa0\xbc\x08\x08@\x00\x02\x10\x80\x00\x04 \x00\x01\x08@\x00\x02\x10\x80\x004'
2020-07-07 22:19:41,869 INFO: sent msg: b'\x0f\x04$\xa0\xbc\x08\x08@\x00\x02\x10\x80\x00\x04 \x00\x01\x08@\x00\x02\x10\x80\x00\x04'
2020-07-07 22:19:41,900 INFO: sent msg: b'\x0f\x04$\xa0\xbc\x08\x08@\x00\x02\x10\x80\x00\x04 \x00\x01\x08@\x00\x02\x10\x80\x00\x14'
2020-07-07 22:19:41,932 INFO: sent msg: b'\x0f\x04$\xa0\xbc\x08\x08@\x00\x02\x10\x80\x00\x04 \x00\x01\x08@\x00\x02\x10\x80\x00$'
2020-07-07 22:19:41,964 INFO: sent msg: b'\x0f\x04$\xa0\xbc\x08\x08@\x00\x02\x10\x80\x00\x04 \x00\x01\x08@\x00\x02\x10\x80\x004'
2020-07-07 22:19:41,995 INFO: sent msg: b'\x0f\x04$\xa0\xbc\x08\x08@\x00\x02\x10\x80\x00\x04 \x00\x01\x08@\x00\x02\x10\x80\x00\x04'
2020-07-07 22:19:42,026 INFO: sent msg: b'\x0f\x04$\xa0\xbc\x08\x08@\x00\x02\x10\x80\x00\x04 \x00\x01\x08@\x00\x02\x10\x80\x00\x14'
2020-07-07 22:19:42,057 INFO: sent msg: b'\x0f\x04$\xa0\xbc\x08\x08@\x00\x02\x10\x80\x00\x04 \x00\x01\x08@\x00\x02\x10\x80\x00$'
2020-07-07 22:19:42,088 INFO: sent msg: b'\x0f\x04$\xa0\xbc\x08\x08@\x00\x02\x10\x80\x00\x04 \x00\x01\x08@\x00\x02\x10\x80\x004'
2020-07-07 22:19:42,119 INFO: sent msg: b'\x0f\x04$\xa0\xbc\x08\x08@\x00\x02\x10\x80\x00\x04 \x00\x01\x08@\x00\x02\x10\x80\x00\x04'
2020-07-07 22:19:42,151 INFO: sent msg: b'\x0f\x04$\xa0\xbc\x08\x08@\x00\x02\x10\x80\x00\x04 \x00\x01\x08@\x00\x02\x10\x80\x00\x14'
2020-07-07 22:19:42,182 INFO: sent msg: b'\x0f\x04$\xa0\xbc\x08\x08@\x00\x02\x10\x80\x00\x04 \x00\x01\x08@\x00\x02\x10\x80\x00$'
2020-07-07 22:19:42,213 INFO: sent msg: b'\x0f\x04$\xa0\xbc\x08\x08@\x00\x02\x10\x80\x00\x04 \x00\x01\x08@\x00\x02\x10\x80\x004'
2020-07-07 22:19:42,244 INFO: sent msg: b'\x0f\x04$\xa0\xbc\x08\x08@\x00\x02\x10\x80\x00\x04 \x00\x01\x08@\x00\x02\x10\x80\x00\x04'
2020-07-07 22:19:42,275 INFO: sent msg: b'\x0f\x04$\xa0\xbc\x08\x08@\x00\x02\x10\x80\x00\x04 \x00\x01\x08@\x00\x02\x10\x80\x00\x14'
2020-07-07 22:19:42,307 INFO: sent msg: b'\x0f\x04$\xa0\xbc\x08\x08@\x00\x02\x10\x80\x00\x04 \x00\x01\x08@\x00\x02\x10\x80\x00$'
2020-07-07 22:19:42,339 INFO: sent msg: b'\x0f\x04$\xa0\xbc\x08\x08@\x00\x02\x10\x80\x00\x04 \x00\x01\x08@\x00\x02\x10\x80\x004'
2020-07-07 22:19:42,369 INFO: sent msg: b'\x0f\x04$\xa0\xbc\x08\x08@\x00\x02\x10\x80\x00\x04 \x00\x01\x08@\x00\x02\x10\x80\x00\x04'
2020-07-07 22:19:42,399 INFO: sent msg: b'\x0f\x04$\xa0\xbc\x08\x08@\x00\x02\x10\x80\x00\x04 \x00\x01\x08@\x00\x02\x10\x80\x00\x14'
2020-07-07 22:19:42,431 INFO: sent msg: b'\x0f\x04$\xa0\xbc\x08\x08@\x00\x02\x10\x80\x00\x04 \x00\x01\x08@\x00\x02\x10\x80\x00$'
2020-07-07 22:19:42,462 INFO: sent msg: b'\x0f\x04$\xa0\xbc\x08\x08@\x00\x02\x10\x80\x00\x04 \x00\x01\x08@\x00\x02\x10\x80\x004'
2020-07-07 22:19:42,494 INFO: sent msg: b'\x0f\x04$\xa0\xbc\x08\x08@\x00\x02\x10\x80\x00\x04 \x00\x01\x08@\x00\x02\x10\x80\x00\x04'
2020-07-07 22:19:42,525 INFO: sent msg: b'\x0f\x04$\xa0\xbc\x08\x08@\x00\x02\x10\x80\x00\x04 \x00\x01\x08@\x00\x02\x10\x80\x00\x14'
2020-07-07 22:19:42,555 INFO: sent msg: b'\x0f\x04$\xa0\xbc\x08\x08@\x00\x02\x10\x80\x00\x04 \x00\x01\x08@\x00\x02\x10\x80\x00$'
2020-07-07 22:19:42,586 INFO: sent msg: b'\x0f\x04$\xa0\xbc\x08\x08@\x00\x02\x10\x80\x00\x04 \x00\x01\x08@\x00\x02\x10\x80\x004'
2020-07-07 22:19:42,617 INFO: sent msg: b'\x0f\x04$\xa0\xbc\x08\x08@\x00\x02\x10\x80\x00\x04 \x00\x01\x08@\x00\x02\x10\x80\x00\x04'
2020-07-07 22:19:42,648 INFO: sent msg: b'\x0f\x04$\xa0\xbc\x08\x08@\x00\x02\x10\x80\x00\x04 \x00\x01\x08@\x00\x02\x10\x80\x00\x14'
2020-07-07 22:19:42,680 INFO: sent msg: b'\x0f\x04$\xa0\xbc\x08\x08@\x00\x02\x10\x80\x00\x04 \x00\x01\x08@\x00\x02\x10\x80\x00$'
2020-07-07 22:19:42,712 INFO: sent msg: b'\x0f\x04$\xa0\xbc\x08\x08@\x00\x02\x10\x80\x00\x04 \x00\x01\x08@\x00\x02\x10\x80\x004'
2020-07-07 22:19:42,743 INFO: sent msg: b'\x0f\x04$\xa0\xbc\x08\x08@\x00\x02\x10\x80\x00\x04 \x00\x01\x08@\x00\x02\x10\x80\x00\x04'
2020-07-07 22:19:42,774 INFO: sent msg: b'\x0f\x04$\xa0\xbc\x08\x08@\x00\x02\x10\x80\x00\x04 \x00\x01\x08@\x00\x02\x10\x80\x00\x14'
2020-07-07 22:19:42,806 INFO: sent msg: b'\x0f\x04$\xa0\xbc\x08\x08@\x00\x02\x10\x80\x00\x04 \x00\x01\x08@\x00\x02\x10\x80\x00$'
2020-07-07 22:19:42,838 INFO: sent msg: b'\x0f\x04$\xa0\xbc\x08\x08@\x00\x02\x10\x80\x00\x04 \x00\x01\x08@\x00\x02\x10\x80\x044'
2020-07-07 22:19:42,870 INFO: sent msg: b'\x0f\x04$\xa0\xbc\x08\x08@\x00\x02\x10\x80\x00\x04 \x00\x01\x08@\x00\x02\x10\x80\x00\x04'
2020-07-07 22:19:42,901 INFO: sent msg: b'\x0f\x04$\xa0\xbc\x08\x08@\x00\x02\x10\x80\x00\x04 \x00\x01\x08@\x00\x02\x10\x80\x00\x14'
2020-07-07 22:19:42,933 INFO: sent msg: b'\x0f\x04$\xa0\xbc\x08\x08@\x00\x02\x10\x80\x00\x04 \x00\x01\x08@\x00\x02\x10\x80\x00$'
2020-07-07 22:19:42,964 INFO: sent msg: b'\x0f\x04$\xa0\xbc\n\x08@\x00\x02\x10\x80\x00\x04 \x00\x01\x08@\x00\x02\x10\x80\x004'
2020-07-07 22:19:42,996 INFO: sent msg: b'\x0f\x04$\xa0\xbc\n\x08@\x00\x02\x10\x80\x00\x04 \x00\x01\x08@\x00\x02\x10\x80\x00\x04'
2020-07-07 22:19:43,027 INFO: sent msg: b'\x0f\x04$\xa0\xbc\n\x08@\x00\x02\x10\x80\x00\x04 \x00\x01\x08@\x00\x02\x10\x80\x00\x14'
2020-07-07 22:19:43,058 INFO: sent msg: b'\x0f\x04$\xa0\xbc\x0c\x08@\x00\x02\x10\x80\x00\x04 \x00\x01\x08@\x00\x02\x10\x80\x00$'
2020-07-07 22:19:43,089 INFO: sent msg: b'\x0f\x04$\xa0\xbc\x16\x08@\x00\x02\x10\x80\x00\x04 \x00\x01\x08@\x00\x02\x10\x80\x004'
2020-07-07 22:19:43,105 INFO: sent msg: b'\x0f\x04$\xa0\xbc$\x08@\x00\x02\x10\x80\x00\x04 \x00\x01\x08@\x00\x02\x10\x80\x00\x04'
2020-07-07 22:19:43,137 INFO: sent msg: b'\x0f\x04$\xa0\xbc2\x08@\x00\x02\x10\x80\x00\x04 \x00\x01\x08@\x00\x02\x10\x80\x00\x14'
2020-07-07 22:19:43,168 INFO: sent msg: b'\x0f\x04$\xa0\xbc8\x08@\x00\x02\x10\x80\x00\x04 \x00\x01\x08@\x00\x02\x10\x80\x00$'
2020-07-07 22:19:43,199 INFO: sent msg: b'\x0f\x04$\xa0\xbc>\x08@\x00\x02\x10\x80\x00\x04 \x00\x01\x08@\x00\x02\x10\x80\x004'
2020-07-07 22:19:43,230 INFO: sent msg: b'\x0f\x04$\xa0\xbcF\x08@\x00\x02\x10\x80\x00\x04 \x00\x01\x08@\x00\x02\x10\x80\x00\x04'
2020-07-07 22:19:43,262 INFO: sent msg: b'\x0f\x04$\xa0\xbcR\x08@\x00\x02\x10\x80\x00\x04 \x00\x01\x08@\x00\x02\x10\x80\x00\x14'
2020-07-07 22:19:43,292 INFO: sent msg: b'\x0f\x04$\xa0\xbch\x08@\x00\x02\x10\x80\x00\x04 \x00\x01\x08@\x00\x02\x10\x80\x00$'
2020-07-07 22:19:43,324 INFO: sent msg: b'\x0f\x04$\xa0\xbc|\x08@\x00\x02\x10\x80\x00\x04 \x00\x01\x08@\x00\x02\x10\x80\x004'
2020-07-07 22:19:43,355 INFO: sent msg: b'\x0f\x04$\xa0\xb7\x94\x08@\x00\x02\x10\x80\x00\x04 \x00\x01\x08@\x00\x02\x10\x80\x00\x04'
2020-07-07 22:19:43,386 INFO: sent msg: b'\x0f\x04$ \xb4\xa0\x08@\x00\x02\x10\x80\x00\x04 \x00\x01\x08@\x00\x02\x10\x80\x00\x14'
2020-07-07 22:19:43,418 INFO: sent msg: b'\x0f\x04$`\xad\xac\x08@\x00\x02\x10\x80\x00\x04 \x00\x01\x08@\x00\x02\x10\x80\x00$'
2020-07-07 22:19:43,450 INFO: sent msg: b'\x0f\x04$`\xa7\xbe\x08@\x00\x02\x10\x80\x00\x04 \x00\x01\x08@\x00\x02\x10\x80\x004'
2020-07-07 22:19:43,481 INFO: sent msg: b'\x0f\x04$\xe0\xa0\xcc\x08@\x00\x02\x10\x80\x00\x04 \x00\x01\x08@\x00\x02\x10\x80\x00\x04'
2020-07-07 22:19:43,513 INFO: sent msg: b'\x0f\x04$ \x9a\xdc\x08@\x00\x02\x10\x80\x00\x04 \x00\x01\x08@\x00\x02\x10\x80\x00\x14'
2020-07-07 22:19:43,544 INFO: sent msg: b'\x0f\x04$`\x94\xf0\x08@\x00\x02\x10\x80\x00\x04 \x00\x01\x08@\x00\x02\x10\x80\x00$'
2020-07-07 22:19:43,576 INFO: sent msg: b'\x0f\x04$\xe0\x8d\x08\t@\x00\x02\x10\x80\x00\x04 \x00\x01\x08@\x00\x02\x10\x80\x004'
2020-07-07 22:19:43,607 INFO: sent msg: b'\x0f\x04$ \x8a"\t@\x00\x02\x10\x80\x00\x04 \x00\x01\x08@\x00\x02\x10\x80\x00\x04'
2020-07-07 22:19:43,639 INFO: sent msg: b'\x0f\x04$`\x832\t@\x00\x02\x10\x80\x00\x04 \x00\x01\x08@\x00\x02\x10\x80\x00\x14'
2020-07-07 22:19:43,670 INFO: sent msg: b'\x0f\x04$\xa0yT\t@\x00\x02\x10\x80\x00\x04 \x00\x01\x08@\x00\x02\x10\x80\x00$'
2020-07-07 22:19:43,701 INFO: sent msg: b'\x0f\x04$\xe0r\x88\t@\x00\x02\x10\x80\x00\x04 \x00\x01\x08@\x00\x02\x10\x80\x004'
2020-07-07 22:19:43,732 INFO: sent msg: b'\x0f\x04$\xa0j\xaa\t@\x00\x02\x10\x80\x00\x04 \x00\x01\x08@\x00\x02\x10\x80\x00\x04'
2020-07-07 22:19:43,763 INFO: sent msg: b'\x0f\x04$ a\xca\t@\x00\x02\x10\x80\x00\x04 \x00\x01\x08@\x00\x02\x10\x80\x00\x14'
2020-07-07 22:19:43,796 INFO: sent msg: b'\x0f\x04$ Z\xe8\t@\x00\x02\x10\x80\x00\x04 \x00\x01\x08@\x00\x02\x10\x80\x00$'
2020-07-07 22:19:43,828 INFO: sent msg: b'\x0f\x04$ X\xf8\t@\x00\x02\x10\x80\x00\x04 \x00\x01\x08@\x00\x02\x10\x80\x004'
2020-07-07 22:19:43,859 INFO: sent msg: b'\x0f\x04$ X\x1e\n@\x00\x02\x10\x80\x00\x04 \x00\x01\x08@\x00\x02\x10\x80\x04\x04'
2020-07-07 22:19:43,875 INFO: sent msg: b'\x0f\x04$ XR\n@\x00\x02\x10\x80\x00\x04 \x00\x01\x08@\x00\x02\x10\x80\x00\x14'
2020-07-07 22:19:43,891 INFO: sent msg: b'\x0f\x04$ Xp\n@\x00\x02\x10\x80\x00\x04 \x00\x01\x08@\x00\x02\x10\x80\x00$'
2020-07-07 22:19:43,922 INFO: sent msg: b'\x0f\x04$ X\x8c\n@\x00\x02\x10\x80\x00\x04 \x00\x01\x08@\x00\x02\x10\x80\x004'
2020-07-07 22:19:43,954 INFO: sent msg: b'\x0f\x04$ X\xaa\n@\x00\x02\x10\x80\x00\x04 \x00\x01\x08@\x00\x02\x10\x80\x00\x04'
2020-07-07 22:19:43,984 INFO: sent msg: b'\x0f\x04$ X\xce\n@\x00\x02\x10\x80\x00\x04 \x00\x01\x08@\x00\x02\x10\x80\x00\x14'
2020-07-07 22:19:44,015 INFO: sent msg: b'\x0f\x04$ X\xf2\n@\x00\x02\x10\x80\x00\x04 \x00\x01\x08@\x00\x02\x10\x80\x00$'
2020-07-07 22:19:44,047 INFO: sent msg: b'\x0f\x04$ X\x16\x0b@\x00\x02\x10\x80\x00\x04 \x00\x01\x08@\x00\x02\x10\x80\x004'
2020-07-07 22:19:44,063 INFO: sent msg: b'\x0f\x04$ X.\x0b@\x00\x02\x10\x80\x00\x04 \x00\x01\x08@\x00\x02\x10\x80\x00\x04'
2020-07-07 22:19:44,094 INFO: sent msg: b'\x0f\x04$ X@\x0b@\x00\x02\x10\x80\x00\x04 \x00\x01\x08@\x00\x02\x10\x80\x00\x14'
2020-07-07 22:19:44,126 INFO: sent msg: b'\x0f\x04$ XP\x0b@\x00\x02\x10\x80\x00\x04 \x00\x01\x08@\x00\x02\x10\x80\x00$'
2020-07-07 22:19:44,142 INFO: sent msg: b'\x0f\x04$ Xd\x0b@\x00\x02\x10\x80\x00\x04 \x00\x01\x08@\x00\x02\x10\x80\x004'
2020-07-07 22:19:44,173 INFO: sent msg: b'\x0f\x04$ X\x82\x0b@\x00\x02\x10\x80\x00\x04 \x00\x01\x08@\x00\x02\x10\x80\x00\x04'
2020-07-07 22:19:44,204 INFO: sent msg: b'\x0f\x04$ X\xaa\x0b@\x00\x02\x10\x80\x00\x04 \x00\x01\x08@\x00\x02\x10\x80\x00\x14'
2020-07-07 22:19:44,235 INFO: sent msg: b'\x0f\x04$ X\xdc\x0b@\x00\x02\x10\x80\x00\x04 \x00\x01\x08@\x00\x02\x10\x80\x00$'
2020-07-07 22:19:44,267 INFO: sent msg: b'\x0f\x04$ X\x14\x0c@\x00\x02\x10\x80\x00\x04 \x00\x01\x08@\x00\x02\x10\x80\x004'
2020-07-07 22:19:44,298 INFO: sent msg: b'\x0f\x04$ XR\x0c@\x00\x02\x10\x80\x00\x04 \x00\x01\x08@\x00\x02\x10\x80\x00\x04'
2020-07-07 22:19:44,331 INFO: sent msg: b'\x0f\x04$ X\x90\x0c@\x00\x02\x10\x80\x00\x04 \x00\x01\x08@\x00\x02\x10\x80\x00\x14'
2020-07-07 22:19:44,361 INFO: sent msg: b'\x0f\x04$ X\xcc\x0c@\x00\x02\x10\x80\x00\x04 \x00\x01\x08@\x00\x02\x10\x80\x00$'
2020-07-07 22:19:44,393 INFO: sent msg: b'\x0f\x04$ X\xfe\x0c@\x00\x02\x10\x80\x00\x04 \x00\x01\x08@\x00\x02\x10\x80\x004'
2020-07-07 22:19:44,424 INFO: sent msg: b'\x0f\x04$ X*\r@\x00\x02\x10\x80\x00\x04 \x00\x01\x08@\x00\x02\x10\x80\x00\x04'
2020-07-07 22:19:44,456 INFO: sent msg: b'\x0f\x04$ X@\r@\x00\x02\x10\x80\x00\x04 \x00\x01\x08@\x00\x02\x10\x80\x00\x14'
2020-07-07 22:19:44,486 INFO: sent msg: b'\x0f\x04$ X@\r@\x00\x02\x10\x80\x00\x04 \x00\x01\x08@\x00\x02\x10\x80\x00$'
2020-07-07 22:19:44,517 INFO: sent msg: b'\x0f\x04$ X@\r@\x00\x02\x10\x80\x00\x04 \x00\x01\x08@\x00\x02\x10\x80\x004'
2020-07-07 22:19:44,548 INFO: sent msg: b'\x0f\x04$ X@\r@\x00\x02\x10\x80\x00\x04 \x00\x01\x08@\x00\x02\x10\x80\x00\x04'
2020-07-07 22:19:44,580 INFO: sent msg: b'\x0f\x04$ X@\r@\x00\x02\x10\x80\x00\x04 \x00\x01\x08@\x00\x02\x10\x80\x00\x14'
2020-07-07 22:19:44,611 INFO: sent msg: b'\x0f\x04$ X@\r@\x00\x02\x10\x80\x00\x04 \x00\x01\x08@\x00\x02\x10\x80\x00$'
2020-07-07 22:19:44,643 INFO: sent msg: b'\x0f\x04$ X@\r@\x00\x02\x10\x80\x00\x04 \x00\x01\x08@\x00\x02\x10\x80\x004'
2020-07-07 22:19:44,675 INFO: sent msg: b'\x0f\x04$ X@\r@\x00\x02\x10\x80\x00\x04 \x00\x01\x08@\x00\x02\x10\x80\x00\x04'
2020-07-07 22:19:44,707 INFO: sent msg: b'\x0f\x04$ X@\r@\x00\x02\x10\x80\x00\x04 \x00\x01\x08@\x00\x02\x10\x80\x00\x14'
2020-07-07 22:19:45,446 INFO: sent msg: b'\x0f\x04$ X@\r@\x00\x02\x10\x80\x00\x04 \x00\x01\x08@\x00\x02\x10\x80\x00$'
2020-07-07 22:19:45,462 INFO: sent msg: b'\x0f\x04$ X@\r@\x00\x02\x10\x80\x00\x04 \x00\x01\x08@\x00\x02\x10\x80\x004'
2020-07-07 22:19:45,478 INFO: sent msg: b'\x0f\x04$ X@\r@\x00\x02\x10\x80\x00\x04 \x00\x01\x08@\x00\x02\x10\x80\x00\x04'
2020-07-07 22:19:45,508 INFO: sent msg: b'\x0f\x04$ X@\r@\x00\x02\x10\x80\x00\x04 \x00\x01\x08@\x00\x02\x10\x80\x04\x14'
2020-07-07 22:19:45,540 INFO: sent msg: b'\x0f\x04$ X@\r@\x00\x02\x10\x80\x00\x04 \x00\x01\x08@\x00\x02\x10\x80\x00$'
2020-07-07 22:19:45,572 INFO: sent msg: b'\x0f\x04$ X@\r@\x00\x02\x10\x80\x00\x04 \x00\x01\x08@\x00\x02\x10\x80\x004'
2020-07-07 22:19:45,602 INFO: sent msg: b'\x0f\x04$ X@\r@\x00\x02\x10\x80\x00\x04 \x00\x01\x08@\x00\x02\x10\x80\x00\x04'
2020-07-07 22:19:45,633 INFO: sent msg: b'\x0f\x04$ X@\r@\x00\x02\x10\x80\x00\x04 \x00\x01\x08@\x00\x02\x10\x80\x00\x14'
